21-Sep-2022 12:02:07 INFO - Bootstrapping Spring Data JPA repositories in DEFAULT mode.
21-Sep-2022 12:02:07 INFO - Finished Spring Data repository scanning in 114 ms. Found 2 JPA repository interfaces.
21-Sep-2022 12:02:07 INFO - Tomcat initialized with port(s): 8080 (http)
21-Sep-2022 12:02:07 INFO - Initializing ProtocolHandler ["http-nio-8080"]
21-Sep-2022 12:02:07 INFO - Starting service [Tomcat]
21-Sep-2022 12:02:07 INFO - Starting Servlet engine: [Apache Tomcat/9.0.65]
21-Sep-2022 12:02:07 INFO - Initializing Spring embedded WebApplicationContext
21-Sep-2022 12:02:07 INFO - Root WebApplicationContext: initialization completed in 1395 ms
21-Sep-2022 12:02:07 INFO - HHH000204: Processing PersistenceUnitInfo [name: default]
21-Sep-2022 12:02:08 INFO - HHH000412: Hibernate ORM core version 5.6.10.Final
21-Sep-2022 12:02:08 INFO - HCANN000001: Hibernate Commons Annotations {5.1.2.Final}
21-Sep-2022 12:02:08 INFO - HHH000400: Using dialect: org.hibernate.dialect.PostgreSQL10Dialect
21-Sep-2022 12:02:09 INFO - HHH000490: Using JtaPlatform implementation: [org.hibernate.engine.transaction.jta.platform.internal.NoJtaPlatform]
21-Sep-2022 12:02:09 INFO - Initialized JPA EntityManagerFactory for persistence unit 'default'
21-Sep-2022 12:02:09 WARN - spring.jpa.open-in-view is enabled by default. Therefore, database queries may be performed during view rendering. Explicitly configure spring.jpa.open-in-view to disable this warning
21-Sep-2022 12:02:10 INFO - Starting ProtocolHandler ["http-nio-8080"]
21-Sep-2022 12:02:10 INFO - Tomcat started on port(s): 8080 (http) with context path ''
21-Sep-2022 12:02:43 INFO - Initializing Spring DispatcherServlet 'dispatcherServlet'
21-Sep-2022 12:02:43 INFO - Initializing Servlet 'dispatcherServlet'
21-Sep-2022 12:02:43 INFO - Completed initialization in 0 ms
21-Sep-2022 12:46:59 INFO - Neither @ContextConfiguration nor @ContextHierarchy found for test class [com.service.CoderServiceImplTest], using SpringBootContextLoader
21-Sep-2022 12:46:59 INFO - Could not detect default resource locations for test class [com.service.CoderServiceImplTest]: no resource found for suffixes {-context.xml, Context.groovy}.
21-Sep-2022 12:46:59 INFO - Could not detect default configuration classes for test class [com.service.CoderServiceImplTest]: CoderServiceImplTest does not declare any static, non-private, non-final, nested classes annotated with @Configuration.
21-Sep-2022 12:46:59 INFO - Found @SpringBootConfiguration com.FirstSpringRestDemoApplication for test class com.service.CoderServiceImplTest
21-Sep-2022 12:46:59 INFO - Loaded default TestExecutionListener class names from location [META-INF/spring.factories]: [org.springframework.boot.test.mock.mockito.MockitoTestExecutionListener, org.springframework.boot.test.mock.mockito.ResetMocksTestExecutionListener, org.springframework.boot.test.autoconfigure.restdocs.RestDocsTestExecutionListener, org.springframework.boot.test.autoconfigure.web.client.MockRestServiceServerResetTestExecutionListener, org.springframework.boot.test.autoconfigure.web.servlet.MockMvcPrintOnlyOnFailureTestExecutionListener, org.springframework.boot.test.autoconfigure.web.servlet.WebDriverTestExecutionListener, org.springframework.boot.test.autoconfigure.webservices.client.MockWebServiceServerTestExecutionListener, org.springframework.test.context.web.ServletTestExecutionListener, org.springframework.test.context.support.DirtiesContextBeforeModesTestExecutionListener, org.springframework.test.context.event.ApplicationEventsTestExecutionListener, org.springframework.test.context.support.DependencyInjectionTestExecutionListener, org.springframework.test.context.support.DirtiesContextTestExecutionListener, org.springframework.test.context.transaction.TransactionalTestExecutionListener, org.springframework.test.context.jdbc.SqlScriptsTestExecutionListener, org.springframework.test.context.event.EventPublishingTestExecutionListener]
21-Sep-2022 12:46:59 INFO - Using TestExecutionListeners: [org.springframework.test.context.web.ServletTestExecutionListener@78f9ed3e, org.springframework.test.context.support.DirtiesContextBeforeModesTestExecutionListener@1059754c, org.springframework.test.context.event.ApplicationEventsTestExecutionListener@b0964b2, org.springframework.boot.test.mock.mockito.MockitoTestExecutionListener@48e7b3d2, org.springframework.boot.test.autoconfigure.SpringBootDependencyInjectionTestExecutionListener@7f4037ed, org.springframework.test.context.support.DirtiesContextTestExecutionListener@24e8de5c, org.springframework.test.context.transaction.TransactionalTestExecutionListener@64040287, org.springframework.test.context.jdbc.SqlScriptsTestExecutionListener@110844f6, org.springframework.test.context.event.EventPublishingTestExecutionListener@6f89f665, org.springframework.boot.test.mock.mockito.ResetMocksTestExecutionListener@df1cff6, org.springframework.boot.test.autoconfigure.restdocs.RestDocsTestExecutionListener@4925f4f5, org.springframework.boot.test.autoconfigure.web.client.MockRestServiceServerResetTestExecutionListener@1ad926d3, org.springframework.boot.test.autoconfigure.web.servlet.MockMvcPrintOnlyOnFailureTestExecutionListener@3a43d133, org.springframework.boot.test.autoconfigure.web.servlet.WebDriverTestExecutionListener@39ce27f2, org.springframework.boot.test.autoconfigure.webservices.client.MockWebServiceServerTestExecutionListener@5f2afe62]
21-Sep-2022 12:47:01 INFO - Bootstrapping Spring Data JPA repositories in DEFAULT mode.
21-Sep-2022 12:47:01 INFO - Finished Spring Data repository scanning in 159 ms. Found 2 JPA repository interfaces.
21-Sep-2022 12:47:02 INFO - HHH000204: Processing PersistenceUnitInfo [name: default]
21-Sep-2022 12:47:02 INFO - HHH000412: Hibernate ORM core version 5.6.10.Final
21-Sep-2022 12:47:02 INFO - HCANN000001: Hibernate Commons Annotations {5.1.2.Final}
21-Sep-2022 12:47:03 INFO - HHH000400: Using dialect: org.hibernate.dialect.PostgreSQL10Dialect
21-Sep-2022 12:47:03 INFO - HHH000490: Using JtaPlatform implementation: [org.hibernate.engine.transaction.jta.platform.internal.NoJtaPlatform]
21-Sep-2022 12:47:03 INFO - Initialized JPA EntityManagerFactory for persistence unit 'default'
21-Sep-2022 12:47:04 WARN - spring.jpa.open-in-view is enabled by default. Therefore, database queries may be performed during view rendering. Explicitly configure spring.jpa.open-in-view to disable this warning
21-Sep-2022 12:47:05 INFO - Closing JPA EntityManagerFactory for persistence unit 'default'
21-Sep-2022 12:53:41 INFO - Neither @ContextConfiguration nor @ContextHierarchy found for test class [com.service.CoderServiceImplTest], using SpringBootContextLoader
21-Sep-2022 12:53:41 INFO - Could not detect default resource locations for test class [com.service.CoderServiceImplTest]: no resource found for suffixes {-context.xml, Context.groovy}.
21-Sep-2022 12:53:41 INFO - Could not detect default configuration classes for test class [com.service.CoderServiceImplTest]: CoderServiceImplTest does not declare any static, non-private, non-final, nested classes annotated with @Configuration.
21-Sep-2022 12:53:41 INFO - Found @SpringBootConfiguration com.FirstSpringRestDemoApplication for test class com.service.CoderServiceImplTest
21-Sep-2022 12:53:41 INFO - Loaded default TestExecutionListener class names from location [META-INF/spring.factories]: [org.springframework.boot.test.mock.mockito.MockitoTestExecutionListener, org.springframework.boot.test.mock.mockito.ResetMocksTestExecutionListener, org.springframework.boot.test.autoconfigure.restdocs.RestDocsTestExecutionListener, org.springframework.boot.test.autoconfigure.web.client.MockRestServiceServerResetTestExecutionListener, org.springframework.boot.test.autoconfigure.web.servlet.MockMvcPrintOnlyOnFailureTestExecutionListener, org.springframework.boot.test.autoconfigure.web.servlet.WebDriverTestExecutionListener, org.springframework.boot.test.autoconfigure.webservices.client.MockWebServiceServerTestExecutionListener, org.springframework.test.context.web.ServletTestExecutionListener, org.springframework.test.context.support.DirtiesContextBeforeModesTestExecutionListener, org.springframework.test.context.event.ApplicationEventsTestExecutionListener, org.springframework.test.context.support.DependencyInjectionTestExecutionListener, org.springframework.test.context.support.DirtiesContextTestExecutionListener, org.springframework.test.context.transaction.TransactionalTestExecutionListener, org.springframework.test.context.jdbc.SqlScriptsTestExecutionListener, org.springframework.test.context.event.EventPublishingTestExecutionListener]
21-Sep-2022 12:53:41 INFO - Using TestExecutionListeners: [org.springframework.test.context.web.ServletTestExecutionListener@1059754c, org.springframework.test.context.support.DirtiesContextBeforeModesTestExecutionListener@b0964b2, org.springframework.test.context.event.ApplicationEventsTestExecutionListener@48e7b3d2, org.springframework.boot.test.mock.mockito.MockitoTestExecutionListener@7f4037ed, org.springframework.boot.test.autoconfigure.SpringBootDependencyInjectionTestExecutionListener@24e8de5c, org.springframework.test.context.support.DirtiesContextTestExecutionListener@64040287, org.springframework.test.context.transaction.TransactionalTestExecutionListener@110844f6, org.springframework.test.context.jdbc.SqlScriptsTestExecutionListener@6f89f665, org.springframework.test.context.event.EventPublishingTestExecutionListener@df1cff6, org.springframework.boot.test.mock.mockito.ResetMocksTestExecutionListener@4925f4f5, org.springframework.boot.test.autoconfigure.restdocs.RestDocsTestExecutionListener@1ad926d3, org.springframework.boot.test.autoconfigure.web.client.MockRestServiceServerResetTestExecutionListener@3a43d133, org.springframework.boot.test.autoconfigure.web.servlet.MockMvcPrintOnlyOnFailureTestExecutionListener@39ce27f2, org.springframework.boot.test.autoconfigure.web.servlet.WebDriverTestExecutionListener@5f2afe62, org.springframework.boot.test.autoconfigure.webservices.client.MockWebServiceServerTestExecutionListener@c96a4ea]
21-Sep-2022 12:53:42 INFO - Bootstrapping Spring Data JPA repositories in DEFAULT mode.
21-Sep-2022 12:53:43 INFO - Finished Spring Data repository scanning in 151 ms. Found 2 JPA repository interfaces.
21-Sep-2022 12:53:44 INFO - HHH000204: Processing PersistenceUnitInfo [name: default]
21-Sep-2022 12:53:44 INFO - HHH000412: Hibernate ORM core version 5.6.10.Final
21-Sep-2022 12:53:44 INFO - HCANN000001: Hibernate Commons Annotations {5.1.2.Final}
21-Sep-2022 12:53:44 INFO - HHH000400: Using dialect: org.hibernate.dialect.PostgreSQL10Dialect
21-Sep-2022 12:53:45 INFO - HHH000490: Using JtaPlatform implementation: [org.hibernate.engine.transaction.jta.platform.internal.NoJtaPlatform]
21-Sep-2022 12:53:45 INFO - Initialized JPA EntityManagerFactory for persistence unit 'default'
21-Sep-2022 12:53:46 WARN - spring.jpa.open-in-view is enabled by default. Therefore, database queries may be performed during view rendering. Explicitly configure spring.jpa.open-in-view to disable this warning
21-Sep-2022 12:53:47 INFO - Closing JPA EntityManagerFactory for persistence unit 'default'
21-Sep-2022 12:58:29 INFO - Neither @ContextConfiguration nor @ContextHierarchy found for test class [com.service.CoderServiceImplTest], using SpringBootContextLoader
21-Sep-2022 12:58:29 INFO - Could not detect default resource locations for test class [com.service.CoderServiceImplTest]: no resource found for suffixes {-context.xml, Context.groovy}.
21-Sep-2022 12:58:29 INFO - Could not detect default configuration classes for test class [com.service.CoderServiceImplTest]: CoderServiceImplTest does not declare any static, non-private, non-final, nested classes annotated with @Configuration.
21-Sep-2022 12:58:29 INFO - Found @SpringBootConfiguration com.FirstSpringRestDemoApplication for test class com.service.CoderServiceImplTest
21-Sep-2022 12:58:29 INFO - Loaded default TestExecutionListener class names from location [META-INF/spring.factories]: [org.springframework.boot.test.mock.mockito.MockitoTestExecutionListener, org.springframework.boot.test.mock.mockito.ResetMocksTestExecutionListener, org.springframework.boot.test.autoconfigure.restdocs.RestDocsTestExecutionListener, org.springframework.boot.test.autoconfigure.web.client.MockRestServiceServerResetTestExecutionListener, org.springframework.boot.test.autoconfigure.web.servlet.MockMvcPrintOnlyOnFailureTestExecutionListener, org.springframework.boot.test.autoconfigure.web.servlet.WebDriverTestExecutionListener, org.springframework.boot.test.autoconfigure.webservices.client.MockWebServiceServerTestExecutionListener, org.springframework.test.context.web.ServletTestExecutionListener, org.springframework.test.context.support.DirtiesContextBeforeModesTestExecutionListener, org.springframework.test.context.event.ApplicationEventsTestExecutionListener, org.springframework.test.context.support.DependencyInjectionTestExecutionListener, org.springframework.test.context.support.DirtiesContextTestExecutionListener, org.springframework.test.context.transaction.TransactionalTestExecutionListener, org.springframework.test.context.jdbc.SqlScriptsTestExecutionListener, org.springframework.test.context.event.EventPublishingTestExecutionListener]
21-Sep-2022 12:58:29 INFO - Using TestExecutionListeners: [org.springframework.test.context.web.ServletTestExecutionListener@b0964b2, org.springframework.test.context.support.DirtiesContextBeforeModesTestExecutionListener@48e7b3d2, org.springframework.test.context.event.ApplicationEventsTestExecutionListener@7f4037ed, org.springframework.boot.test.mock.mockito.MockitoTestExecutionListener@24e8de5c, org.springframework.boot.test.autoconfigure.SpringBootDependencyInjectionTestExecutionListener@64040287, org.springframework.test.context.support.DirtiesContextTestExecutionListener@110844f6, org.springframework.test.context.transaction.TransactionalTestExecutionListener@6f89f665, org.springframework.test.context.jdbc.SqlScriptsTestExecutionListener@df1cff6, org.springframework.test.context.event.EventPublishingTestExecutionListener@4925f4f5, org.springframework.boot.test.mock.mockito.ResetMocksTestExecutionListener@1ad926d3, org.springframework.boot.test.autoconfigure.restdocs.RestDocsTestExecutionListener@3a43d133, org.springframework.boot.test.autoconfigure.web.client.MockRestServiceServerResetTestExecutionListener@39ce27f2, org.springframework.boot.test.autoconfigure.web.servlet.MockMvcPrintOnlyOnFailureTestExecutionListener@5f2afe62, org.springframework.boot.test.autoconfigure.web.servlet.WebDriverTestExecutionListener@c96a4ea, org.springframework.boot.test.autoconfigure.webservices.client.MockWebServiceServerTestExecutionListener@28782602]
21-Sep-2022 12:58:30 INFO - Bootstrapping Spring Data JPA repositories in DEFAULT mode.
21-Sep-2022 12:58:31 INFO - Finished Spring Data repository scanning in 142 ms. Found 2 JPA repository interfaces.
21-Sep-2022 12:58:32 INFO - HHH000204: Processing PersistenceUnitInfo [name: default]
21-Sep-2022 12:58:32 INFO - HHH000412: Hibernate ORM core version 5.6.10.Final
21-Sep-2022 12:58:32 INFO - HCANN000001: Hibernate Commons Annotations {5.1.2.Final}
21-Sep-2022 12:58:32 INFO - HHH000400: Using dialect: org.hibernate.dialect.PostgreSQL10Dialect
21-Sep-2022 12:58:33 INFO - HHH000490: Using JtaPlatform implementation: [org.hibernate.engine.transaction.jta.platform.internal.NoJtaPlatform]
21-Sep-2022 12:58:33 INFO - Initialized JPA EntityManagerFactory for persistence unit 'default'
21-Sep-2022 12:58:34 WARN - spring.jpa.open-in-view is enabled by default. Therefore, database queries may be performed during view rendering. Explicitly configure spring.jpa.open-in-view to disable this warning
21-Sep-2022 12:58:35 INFO - Closing JPA EntityManagerFactory for persistence unit 'default'
21-Sep-2022 20:56:21 INFO - Application shutdown requested.
21-Sep-2022 20:56:21 INFO - Pausing ProtocolHandler ["http-nio-8080"]
21-Sep-2022 20:56:21 INFO - Stopping service [Tomcat]
21-Sep-2022 20:56:21 INFO - Destroying Spring FrameworkServlet 'dispatcherServlet'
21-Sep-2022 20:56:21 INFO - Stopping ProtocolHandler ["http-nio-8080"]
21-Sep-2022 20:56:21 INFO - Destroying ProtocolHandler ["http-nio-8080"]
21-Sep-2022 20:56:21 INFO - Closing JPA EntityManagerFactory for persistence unit 'default'
22-Sep-2022 07:31:10 INFO - Neither @ContextConfiguration nor @ContextHierarchy found for test class [com.service.CoderServiceImplTest], using SpringBootContextLoader
22-Sep-2022 07:31:10 INFO - Could not detect default resource locations for test class [com.service.CoderServiceImplTest]: no resource found for suffixes {-context.xml, Context.groovy}.
22-Sep-2022 07:31:10 INFO - Could not detect default configuration classes for test class [com.service.CoderServiceImplTest]: CoderServiceImplTest does not declare any static, non-private, non-final, nested classes annotated with @Configuration.
22-Sep-2022 07:31:10 INFO - Found @SpringBootConfiguration com.FirstSpringRestDemoApplication for test class com.service.CoderServiceImplTest
22-Sep-2022 07:31:10 INFO - Loaded default TestExecutionListener class names from location [META-INF/spring.factories]: [org.springframework.boot.test.mock.mockito.MockitoTestExecutionListener, org.springframework.boot.test.mock.mockito.ResetMocksTestExecutionListener, org.springframework.boot.test.autoconfigure.restdocs.RestDocsTestExecutionListener, org.springframework.boot.test.autoconfigure.web.client.MockRestServiceServerResetTestExecutionListener, org.springframework.boot.test.autoconfigure.web.servlet.MockMvcPrintOnlyOnFailureTestExecutionListener, org.springframework.boot.test.autoconfigure.web.servlet.WebDriverTestExecutionListener, org.springframework.boot.test.autoconfigure.webservices.client.MockWebServiceServerTestExecutionListener, org.springframework.test.context.web.ServletTestExecutionListener, org.springframework.test.context.support.DirtiesContextBeforeModesTestExecutionListener, org.springframework.test.context.event.ApplicationEventsTestExecutionListener, org.springframework.test.context.support.DependencyInjectionTestExecutionListener, org.springframework.test.context.support.DirtiesContextTestExecutionListener, org.springframework.test.context.transaction.TransactionalTestExecutionListener, org.springframework.test.context.jdbc.SqlScriptsTestExecutionListener, org.springframework.test.context.event.EventPublishingTestExecutionListener]
22-Sep-2022 07:31:10 INFO - Using TestExecutionListeners: [org.springframework.test.context.web.ServletTestExecutionListener@48e7b3d2, org.springframework.test.context.support.DirtiesContextBeforeModesTestExecutionListener@7f4037ed, org.springframework.test.context.event.ApplicationEventsTestExecutionListener@24e8de5c, org.springframework.boot.test.mock.mockito.MockitoTestExecutionListener@64040287, org.springframework.boot.test.autoconfigure.SpringBootDependencyInjectionTestExecutionListener@110844f6, org.springframework.test.context.support.DirtiesContextTestExecutionListener@6f89f665, org.springframework.test.context.transaction.TransactionalTestExecutionListener@df1cff6, org.springframework.test.context.jdbc.SqlScriptsTestExecutionListener@4925f4f5, org.springframework.test.context.event.EventPublishingTestExecutionListener@1ad926d3, org.springframework.boot.test.mock.mockito.ResetMocksTestExecutionListener@3a43d133, org.springframework.boot.test.autoconfigure.restdocs.RestDocsTestExecutionListener@39ce27f2, org.springframework.boot.test.autoconfigure.web.client.MockRestServiceServerResetTestExecutionListener@5f2afe62, org.springframework.boot.test.autoconfigure.web.servlet.MockMvcPrintOnlyOnFailureTestExecutionListener@c96a4ea, org.springframework.boot.test.autoconfigure.web.servlet.WebDriverTestExecutionListener@28782602, org.springframework.boot.test.autoconfigure.webservices.client.MockWebServiceServerTestExecutionListener@60c16548]
22-Sep-2022 07:31:12 INFO - Bootstrapping Spring Data JPA repositories in DEFAULT mode.
22-Sep-2022 07:31:12 INFO - Finished Spring Data repository scanning in 175 ms. Found 2 JPA repository interfaces.
22-Sep-2022 07:31:13 INFO - HHH000204: Processing PersistenceUnitInfo [name: default]
22-Sep-2022 07:31:14 INFO - HHH000412: Hibernate ORM core version 5.6.10.Final
22-Sep-2022 07:31:14 INFO - HCANN000001: Hibernate Commons Annotations {5.1.2.Final}
22-Sep-2022 07:31:14 INFO - HHH000400: Using dialect: org.hibernate.dialect.PostgreSQL10Dialect
22-Sep-2022 07:31:15 INFO - HHH000490: Using JtaPlatform implementation: [org.hibernate.engine.transaction.jta.platform.internal.NoJtaPlatform]
22-Sep-2022 07:31:15 INFO - Initialized JPA EntityManagerFactory for persistence unit 'default'
22-Sep-2022 07:31:16 WARN - spring.jpa.open-in-view is enabled by default. Therefore, database queries may be performed during view rendering. Explicitly configure spring.jpa.open-in-view to disable this warning
22-Sep-2022 07:31:19 INFO - Closing JPA EntityManagerFactory for persistence unit 'default'
22-Sep-2022 07:33:14 INFO - Neither @ContextConfiguration nor @ContextHierarchy found for test class [com.service.CoderServiceImplTest], using SpringBootContextLoader
22-Sep-2022 07:33:14 INFO - Could not detect default resource locations for test class [com.service.CoderServiceImplTest]: no resource found for suffixes {-context.xml, Context.groovy}.
22-Sep-2022 07:33:14 INFO - Could not detect default configuration classes for test class [com.service.CoderServiceImplTest]: CoderServiceImplTest does not declare any static, non-private, non-final, nested classes annotated with @Configuration.
22-Sep-2022 07:33:14 INFO - Found @SpringBootConfiguration com.FirstSpringRestDemoApplication for test class com.service.CoderServiceImplTest
22-Sep-2022 07:33:15 INFO - Loaded default TestExecutionListener class names from location [META-INF/spring.factories]: [org.springframework.boot.test.mock.mockito.MockitoTestExecutionListener, org.springframework.boot.test.mock.mockito.ResetMocksTestExecutionListener, org.springframework.boot.test.autoconfigure.restdocs.RestDocsTestExecutionListener, org.springframework.boot.test.autoconfigure.web.client.MockRestServiceServerResetTestExecutionListener, org.springframework.boot.test.autoconfigure.web.servlet.MockMvcPrintOnlyOnFailureTestExecutionListener, org.springframework.boot.test.autoconfigure.web.servlet.WebDriverTestExecutionListener, org.springframework.boot.test.autoconfigure.webservices.client.MockWebServiceServerTestExecutionListener, org.springframework.test.context.web.ServletTestExecutionListener, org.springframework.test.context.support.DirtiesContextBeforeModesTestExecutionListener, org.springframework.test.context.event.ApplicationEventsTestExecutionListener, org.springframework.test.context.support.DependencyInjectionTestExecutionListener, org.springframework.test.context.support.DirtiesContextTestExecutionListener, org.springframework.test.context.transaction.TransactionalTestExecutionListener, org.springframework.test.context.jdbc.SqlScriptsTestExecutionListener, org.springframework.test.context.event.EventPublishingTestExecutionListener]
22-Sep-2022 07:33:15 INFO - Using TestExecutionListeners: [org.springframework.test.context.web.ServletTestExecutionListener@7f4037ed, org.springframework.test.context.support.DirtiesContextBeforeModesTestExecutionListener@24e8de5c, org.springframework.test.context.event.ApplicationEventsTestExecutionListener@64040287, org.springframework.boot.test.mock.mockito.MockitoTestExecutionListener@110844f6, org.springframework.boot.test.autoconfigure.SpringBootDependencyInjectionTestExecutionListener@6f89f665, org.springframework.test.context.support.DirtiesContextTestExecutionListener@df1cff6, org.springframework.test.context.transaction.TransactionalTestExecutionListener@4925f4f5, org.springframework.test.context.jdbc.SqlScriptsTestExecutionListener@1ad926d3, org.springframework.test.context.event.EventPublishingTestExecutionListener@3a43d133, org.springframework.boot.test.mock.mockito.ResetMocksTestExecutionListener@39ce27f2, org.springframework.boot.test.autoconfigure.restdocs.RestDocsTestExecutionListener@5f2afe62, org.springframework.boot.test.autoconfigure.web.client.MockRestServiceServerResetTestExecutionListener@c96a4ea, org.springframework.boot.test.autoconfigure.web.servlet.MockMvcPrintOnlyOnFailureTestExecutionListener@28782602, org.springframework.boot.test.autoconfigure.web.servlet.WebDriverTestExecutionListener@60c16548, org.springframework.boot.test.autoconfigure.webservices.client.MockWebServiceServerTestExecutionListener@68105edc]
22-Sep-2022 07:33:16 INFO - Bootstrapping Spring Data JPA repositories in DEFAULT mode.
22-Sep-2022 07:33:16 INFO - Finished Spring Data repository scanning in 153 ms. Found 2 JPA repository interfaces.
22-Sep-2022 07:33:17 INFO - HHH000204: Processing PersistenceUnitInfo [name: default]
22-Sep-2022 07:33:17 INFO - HHH000412: Hibernate ORM core version 5.6.10.Final
22-Sep-2022 07:33:17 INFO - HCANN000001: Hibernate Commons Annotations {5.1.2.Final}
22-Sep-2022 07:33:18 INFO - HHH000400: Using dialect: org.hibernate.dialect.PostgreSQL10Dialect
22-Sep-2022 07:33:19 INFO - HHH000490: Using JtaPlatform implementation: [org.hibernate.engine.transaction.jta.platform.internal.NoJtaPlatform]
22-Sep-2022 07:33:19 INFO - Initialized JPA EntityManagerFactory for persistence unit 'default'
22-Sep-2022 07:33:19 WARN - spring.jpa.open-in-view is enabled by default. Therefore, database queries may be performed during view rendering. Explicitly configure spring.jpa.open-in-view to disable this warning
22-Sep-2022 07:33:20 INFO - Closing JPA EntityManagerFactory for persistence unit 'default'
22-Sep-2022 07:37:17 INFO - Neither @ContextConfiguration nor @ContextHierarchy found for test class [com.service.CoderServiceImplTest], using SpringBootContextLoader
22-Sep-2022 07:37:17 INFO - Could not detect default resource locations for test class [com.service.CoderServiceImplTest]: no resource found for suffixes {-context.xml, Context.groovy}.
22-Sep-2022 07:37:17 INFO - Could not detect default configuration classes for test class [com.service.CoderServiceImplTest]: CoderServiceImplTest does not declare any static, non-private, non-final, nested classes annotated with @Configuration.
22-Sep-2022 07:37:18 INFO - Found @SpringBootConfiguration com.FirstSpringRestDemoApplication for test class com.service.CoderServiceImplTest
22-Sep-2022 07:37:18 INFO - Loaded default TestExecutionListener class names from location [META-INF/spring.factories]: [org.springframework.boot.test.mock.mockito.MockitoTestExecutionListener, org.springframework.boot.test.mock.mockito.ResetMocksTestExecutionListener, org.springframework.boot.test.autoconfigure.restdocs.RestDocsTestExecutionListener, org.springframework.boot.test.autoconfigure.web.client.MockRestServiceServerResetTestExecutionListener, org.springframework.boot.test.autoconfigure.web.servlet.MockMvcPrintOnlyOnFailureTestExecutionListener, org.springframework.boot.test.autoconfigure.web.servlet.WebDriverTestExecutionListener, org.springframework.boot.test.autoconfigure.webservices.client.MockWebServiceServerTestExecutionListener, org.springframework.test.context.web.ServletTestExecutionListener, org.springframework.test.context.support.DirtiesContextBeforeModesTestExecutionListener, org.springframework.test.context.event.ApplicationEventsTestExecutionListener, org.springframework.test.context.support.DependencyInjectionTestExecutionListener, org.springframework.test.context.support.DirtiesContextTestExecutionListener, org.springframework.test.context.transaction.TransactionalTestExecutionListener, org.springframework.test.context.jdbc.SqlScriptsTestExecutionListener, org.springframework.test.context.event.EventPublishingTestExecutionListener]
22-Sep-2022 07:37:18 INFO - Using TestExecutionListeners: [org.springframework.test.context.web.ServletTestExecutionListener@7f4037ed, org.springframework.test.context.support.DirtiesContextBeforeModesTestExecutionListener@24e8de5c, org.springframework.test.context.event.ApplicationEventsTestExecutionListener@64040287, org.springframework.boot.test.mock.mockito.MockitoTestExecutionListener@110844f6, org.springframework.boot.test.autoconfigure.SpringBootDependencyInjectionTestExecutionListener@6f89f665, org.springframework.test.context.support.DirtiesContextTestExecutionListener@df1cff6, org.springframework.test.context.transaction.TransactionalTestExecutionListener@4925f4f5, org.springframework.test.context.jdbc.SqlScriptsTestExecutionListener@1ad926d3, org.springframework.test.context.event.EventPublishingTestExecutionListener@3a43d133, org.springframework.boot.test.mock.mockito.ResetMocksTestExecutionListener@39ce27f2, org.springframework.boot.test.autoconfigure.restdocs.RestDocsTestExecutionListener@5f2afe62, org.springframework.boot.test.autoconfigure.web.client.MockRestServiceServerResetTestExecutionListener@c96a4ea, org.springframework.boot.test.autoconfigure.web.servlet.MockMvcPrintOnlyOnFailureTestExecutionListener@28782602, org.springframework.boot.test.autoconfigure.web.servlet.WebDriverTestExecutionListener@60c16548, org.springframework.boot.test.autoconfigure.webservices.client.MockWebServiceServerTestExecutionListener@68105edc]
22-Sep-2022 07:37:19 INFO - Bootstrapping Spring Data JPA repositories in DEFAULT mode.
22-Sep-2022 07:37:19 INFO - Finished Spring Data repository scanning in 154 ms. Found 2 JPA repository interfaces.
22-Sep-2022 07:37:21 INFO - HHH000204: Processing PersistenceUnitInfo [name: default]
22-Sep-2022 07:37:21 INFO - HHH000412: Hibernate ORM core version 5.6.10.Final
22-Sep-2022 07:37:21 INFO - HCANN000001: Hibernate Commons Annotations {5.1.2.Final}
22-Sep-2022 07:37:21 INFO - HHH000400: Using dialect: org.hibernate.dialect.PostgreSQL10Dialect
22-Sep-2022 07:37:22 INFO - HHH000490: Using JtaPlatform implementation: [org.hibernate.engine.transaction.jta.platform.internal.NoJtaPlatform]
22-Sep-2022 07:37:22 INFO - Initialized JPA EntityManagerFactory for persistence unit 'default'
22-Sep-2022 07:37:23 WARN - spring.jpa.open-in-view is enabled by default. Therefore, database queries may be performed during view rendering. Explicitly configure spring.jpa.open-in-view to disable this warning
22-Sep-2022 07:37:24 INFO - Closing JPA EntityManagerFactory for persistence unit 'default'
22-Sep-2022 07:57:21 INFO - Bootstrapping Spring Data JPA repositories in DEFAULT mode.
22-Sep-2022 07:57:21 INFO - Finished Spring Data repository scanning in 111 ms. Found 2 JPA repository interfaces.
22-Sep-2022 07:57:22 INFO - Tomcat initialized with port(s): 8080 (http)
22-Sep-2022 07:57:22 INFO - Initializing ProtocolHandler ["http-nio-8080"]
22-Sep-2022 07:57:22 INFO - Starting service [Tomcat]
22-Sep-2022 07:57:22 INFO - Starting Servlet engine: [Apache Tomcat/9.0.65]
22-Sep-2022 07:57:22 INFO - Initializing Spring embedded WebApplicationContext
22-Sep-2022 07:57:22 INFO - Root WebApplicationContext: initialization completed in 1563 ms
22-Sep-2022 07:57:22 INFO - HHH000204: Processing PersistenceUnitInfo [name: default]
22-Sep-2022 07:57:22 INFO - HHH000412: Hibernate ORM core version 5.6.10.Final
22-Sep-2022 07:57:22 INFO - HCANN000001: Hibernate Commons Annotations {5.1.2.Final}
22-Sep-2022 07:57:23 INFO - HHH000400: Using dialect: org.hibernate.dialect.PostgreSQL10Dialect
22-Sep-2022 07:57:24 INFO - HHH000490: Using JtaPlatform implementation: [org.hibernate.engine.transaction.jta.platform.internal.NoJtaPlatform]
22-Sep-2022 07:57:24 INFO - Initialized JPA EntityManagerFactory for persistence unit 'default'
22-Sep-2022 07:57:24 WARN - spring.jpa.open-in-view is enabled by default. Therefore, database queries may be performed during view rendering. Explicitly configure spring.jpa.open-in-view to disable this warning
22-Sep-2022 07:57:24 INFO - Starting ProtocolHandler ["http-nio-8080"]
22-Sep-2022 07:57:24 INFO - Tomcat started on port(s): 8080 (http) with context path ''
22-Sep-2022 07:57:40 INFO - Initializing Spring DispatcherServlet 'dispatcherServlet'
22-Sep-2022 07:57:40 INFO - Initializing Servlet 'dispatcherServlet'
22-Sep-2022 07:57:40 INFO - Completed initialization in 3 ms
22-Sep-2022 11:54:10 INFO - Application shutdown requested.
22-Sep-2022 11:54:10 INFO - Pausing ProtocolHandler ["http-nio-8080"]
22-Sep-2022 11:54:10 INFO - Stopping service [Tomcat]
22-Sep-2022 11:54:10 INFO - Destroying Spring FrameworkServlet 'dispatcherServlet'
22-Sep-2022 11:54:10 INFO - Stopping ProtocolHandler ["http-nio-8080"]
22-Sep-2022 11:54:10 INFO - Destroying ProtocolHandler ["http-nio-8080"]
22-Sep-2022 11:54:10 INFO - Closing JPA EntityManagerFactory for persistence unit 'default'
